C000  4C	JMP A:00 X:00 Y:00 P:24 SP:FD  PPU: 0,0 CYC:0
C5F5  A2	LDX A:00 X:00 Y:00 P:24 SP:FD  PPU: 0,0 CYC:3
C5F7  86	STX A:00 X:00 Y:00 P:26 SP:FD  PPU: 0,0 CYC:5
C5F9  86	STX A:00 X:00 Y:00 P:26 SP:FD  PPU: 0,0 CYC:8
C5FB  86	STX A:00 X:00 Y:00 P:26 SP:FD  PPU: 0,0 CYC:11
C5FD  20	JSR A:00 X:00 Y:00 P:26 SP:FD  PPU: 0,0 CYC:14
C72D  EA	NOP A:00 X:00 Y:00 P:26 SP:FB  PPU: 0,0 CYC:20
C72E  38	SEC A:00 X:00 Y:00 P:26 SP:FB  PPU: 0,0 CYC:22
C72F  B0	BCS A:00 X:00 Y:00 P:27 SP:FB  PPU: 0,0 CYC:24
C735  EA	NOP A:00 X:00 Y:00 P:27 SP:FB  PPU: 0,0 CYC:26
C736  18	CLC A:00 X:00 Y:00 P:27 SP:FB  PPU: 0,0 CYC:28
C737  B0	BCS A:00 X:00 Y:00 P:26 SP:FB  PPU: 0,0 CYC:30
C739  4C	JMP A:00 X:00 Y:00 P:26 SP:FB  PPU: 0,0 CYC:32
C740  EA	NOP A:00 X:00 Y:00 P:26 SP:FB  PPU: 0,0 CYC:35
C741  38	SEC A:00 X:00 Y:00 P:26 SP:FB  PPU: 0,0 CYC:37
C742  90	BCC A:00 X:00 Y:00 P:27 SP:FB  PPU: 0,0 CYC:39
C744  4C	JMP A:00 X:00 Y:00 P:27 SP:FB  PPU: 0,0 CYC:41
C74B  EA	NOP A:00 X:00 Y:00 P:27 SP:FB  PPU: 0,0 CYC:44
C74C  18	CLC A:00 X:00 Y:00 P:27 SP:FB  PPU: 0,0 CYC:46
C74D  90	BCC A:00 X:00 Y:00 P:26 SP:FB  PPU: 0,0 CYC:48
C753  EA	NOP A:00 X:00 Y:00 P:26 SP:FB  PPU: 0,0 CYC:50
C754  A9	LDA A:00 X:00 Y:00 P:26 SP:FB  PPU: 0,0 CYC:52
C756  F0	BEQ A:00 X:00 Y:00 P:26 SP:FB  PPU: 0,0 CYC:54
C75C  EA	NOP A:00 X:00 Y:00 P:26 SP:FB  PPU: 0,0 CYC:56
C75D  A9	LDA A:00 X:00 Y:00 P:26 SP:FB  PPU: 0,0 CYC:58
C75F  F0	BEQ A:40 X:00 Y:00 P:24 SP:FB  PPU: 0,0 CYC:60
C761  4C	JMP A:40 X:00 Y:00 P:24 SP:FB  PPU: 0,0 CYC:62
C768  EA	NOP A:40 X:00 Y:00 P:24 SP:FB  PPU: 0,0 CYC:65
C769  A9	LDA A:40 X:00 Y:00 P:24 SP:FB  PPU: 0,0 CYC:67
C76B  D0	BNE A:40 X:00 Y:00 P:24 SP:FB  PPU: 0,0 CYC:69
C771  EA	NOP A:40 X:00 Y:00 P:24 SP:FB  PPU: 0,0 CYC:71
C772  A9	LDA A:40 X:00 Y:00 P:24 SP:FB  PPU: 0,0 CYC:73
C774  D0	BNE A:00 X:00 Y:00 P:26 SP:FB  PPU: 0,0 CYC:75
C776  4C	JMP A:00 X:00 Y:00 P:26 SP:FB  PPU: 0,0 CYC:77
C77D  EA	NOP A:00 X:00 Y:00 P:26 SP:FB  PPU: 0,0 CYC:80
C77E  A9	LDA A:00 X:00 Y:00 P:26 SP:FB  PPU: 0,0 CYC:82
C780  85	STA A:FF X:00 Y:00 P:A4 SP:FB  PPU: 0,0 CYC:84
C782  24	BIT A:FF X:00 Y:00 P:A4 SP:FB  PPU: 0,0 CYC:87
C784  70	BVS A:FF X:00 Y:00 P:E4 SP:FB  PPU: 0,0 CYC:90
C78A  EA	NOP A:FF X:00 Y:00 P:E4 SP:FB  PPU: 0,0 CYC:92
C78B  24	BIT A:FF X:00 Y:00 P:E4 SP:FB  PPU: 0,0 CYC:94
C78D  50	BVC A:FF X:00 Y:00 P:E4 SP:FB  PPU: 0,0 CYC:97
C78F  4C	JMP A:FF X:00 Y:00 P:E4 SP:FB  PPU: 0,0 CYC:99
C796  EA	NOP A:FF X:00 Y:00 P:E4 SP:FB  PPU: 0,0 CYC:102
C797  A9	LDA A:FF X:00 Y:00 P:E4 SP:FB  PPU: 0,0 CYC:104
C799  85	STA A:00 X:00 Y:00 P:66 SP:FB  PPU: 0,0 CYC:106
C79B  24	BIT A:00 X:00 Y:00 P:66 SP:FB  PPU: 0,0 CYC:109
C79D  50	BVC A:00 X:00 Y:00 P:26 SP:FB  PPU: 0,0 CYC:112
C7A3  EA	NOP A:00 X:00 Y:00 P:26 SP:FB  PPU: 0,0 CYC:114
C7A4  24	BIT A:00 X:00 Y:00 P:26 SP:FB  PPU: 0,0 CYC:116
C7A6  70	BVS A:00 X:00 Y:00 P:26 SP:FB  PPU: 0,0 CYC:119
C7A8  4C	JMP A:00 X:00 Y:00 P:26 SP:FB  PPU: 0,0 CYC:121
C7AF  EA	NOP A:00 X:00 Y:00 P:26 SP:FB  PPU: 0,0 CYC:124
C7B0  A9	LDA A:00 X:00 Y:00 P:26 SP:FB  PPU: 0,0 CYC:126
C7B2  10	BPL A:00 X:00 Y:00 P:26 SP:FB  PPU: 0,0 CYC:128
C7B8  EA	NOP A:00 X:00 Y:00 P:26 SP:FB  PPU: 0,0 CYC:130
C7B9  A9	LDA A:00 X:00 Y:00 P:26 SP:FB  PPU: 0,0 CYC:132
C7BB  10	BPL A:80 X:00 Y:00 P:A4 SP:FB  PPU: 0,0 CYC:134
C7BD  4C	JMP A:80 X:00 Y:00 P:A4 SP:FB  PPU: 0,0 CYC:136
C7D9  EA	NOP A:80 X:00 Y:00 P:A4 SP:FB  PPU: 0,0 CYC:139
C7DA  60	RTS A:80 X:00 Y:00 P:A4 SP:FB  PPU: 0,0 CYC:141
C600  20	JSR A:80 X:00 Y:00 P:A4 SP:FD  PPU: 0,0 CYC:147
C7DB  EA	NOP A:80 X:00 Y:00 P:A4 SP:FB  PPU: 0,0 CYC:153
C7DC  A9	LDA A:80 X:00 Y:00 P:A4 SP:FB  PPU: 0,0 CYC:155
C7DE  85	STA A:FF X:00 Y:00 P:A4 SP:FB  PPU: 0,0 CYC:157
C7E0  24	BIT A:FF X:00 Y:00 P:A4 SP:FB  PPU: 0,0 CYC:160
C7E2  A9	LDA A:FF X:00 Y:00 P:E4 SP:FB  PPU: 0,0 CYC:163
C7E4  38	SEC A:00 X:00 Y:00 P:66 SP:FB  PPU: 0,0 CYC:165
C7E5  78	SEI A:00 X:00 Y:00 P:67 SP:FB  PPU: 0,0 CYC:167
C7E6  F8	SED A:00 X:00 Y:00 P:67 SP:FB  PPU: 0,0 CYC:169
C7E7  08	PHP A:00 X:00 Y:00 P:6F SP:FB  PPU: 0,0 CYC:171
C7E8  68	PLA A:00 X:00 Y:00 P:6F SP:FA  PPU: 0,0 CYC:174
C7E9  29	AND A:6F X:00 Y:00 P:6D SP:FB  PPU: 0,0 CYC:178
C7EB  C9	CMP A:6F X:00 Y:00 P:6D SP:FB  PPU: 0,0 CYC:180
C7ED  F0	BEQ A:6F X:00 Y:00 P:6E SP:FB  PPU: 0,0 CYC:182
C7F3  EA	NOP A:6F X:00 Y:00 P:6E SP:FB  PPU: 0,0 CYC:184
C7F4  A9	LDA A:6F X:00 Y:00 P:6E SP:FB  PPU: 0,0 CYC:186
C7F6  85	STA A:40 X:00 Y:00 P:6C SP:FB  PPU: 0,0 CYC:188
C7F8  24	BIT A:40 X:00 Y:00 P:6C SP:FB  PPU: 0,0 CYC:191
C7FA  D8	CLD A:40 X:00 Y:00 P:6C SP:FB  PPU: 0,0 CYC:194
C7FB  A9	LDA A:40 X:00 Y:00 P:64 SP:FB  PPU: 0,0 CYC:196
C7FD  18	CLC A:10 X:00 Y:00 P:64 SP:FB  PPU: 0,0 CYC:198
C7FE  08	PHP A:10 X:00 Y:00 P:64 SP:FB  PPU: 0,0 CYC:200
C7FF  68	PLA A:10 X:00 Y:00 P:64 SP:FA  PPU: 0,0 CYC:203
C800  29	AND A:64 X:00 Y:00 P:64 SP:FB  PPU: 0,0 CYC:207
C802  C9	CMP A:64 X:00 Y:00 P:64 SP:FB  PPU: 0,0 CYC:209
C804  F0	BEQ A:64 X:00 Y:00 P:66 SP:FB  PPU: 0,0 CYC:211
C80A  EA	NOP A:64 X:00 Y:00 P:66 SP:FB  PPU: 0,0 CYC:213
C80B  A9	LDA A:64 X:00 Y:00 P:66 SP:FB  PPU: 0,0 CYC:215
C80D  85	STA A:80 X:00 Y:00 P:E4 SP:FB  PPU: 0,0 CYC:217
C80F  24	BIT A:80 X:00 Y:00 P:E4 SP:FB  PPU: 0,0 CYC:220
C811  F8	SED A:80 X:00 Y:00 P:A4 SP:FB  PPU: 0,0 CYC:223
C812  A9	LDA A:80 X:00 Y:00 P:AC SP:FB  PPU: 0,0 CYC:225
C814  38	SEC A:00 X:00 Y:00 P:2E SP:FB  PPU: 0,0 CYC:227
C815  08	PHP A:00 X:00 Y:00 P:2F SP:FB  PPU: 0,0 CYC:229
C816  68	PLA A:00 X:00 Y:00 P:2F SP:FA  PPU: 0,0 CYC:232
C817  29	AND A:2F X:00 Y:00 P:2D SP:FB  PPU: 0,0 CYC:236
C819  C9	CMP A:2F X:00 Y:00 P:2D SP:FB  PPU: 0,0 CYC:238
C81B  F0	BEQ A:2F X:00 Y:00 P:2E SP:FB  PPU: 0,0 CYC:240
C821  EA	NOP A:2F X:00 Y:00 P:2E SP:FB  PPU: 0,0 CYC:242
C822  A9	LDA A:2F X:00 Y:00 P:2E SP:FB  PPU: 0,0 CYC:244
C824  48	PHA A:FF X:00 Y:00 P:AC SP:FB  PPU: 0,0 CYC:246
C825  28	PLP A:FF X:00 Y:00 P:AC SP:FA  PPU: 0,0 CYC:249
C826  D0	BNE A:FF X:00 Y:00 P:FF SP:FB  PPU: 0,0 CYC:253
C828  10	BPL A:FF X:00 Y:00 P:FF SP:FB  PPU: 0,0 CYC:255
C82A  50	BVC A:FF X:00 Y:00 P:FF SP:FB  PPU: 0,0 CYC:257
C82C  90	BCC A:FF X:00 Y:00 P:FF SP:FB  PPU: 0,0 CYC:259
C82E  4C	JMP A:FF X:00 Y:00 P:FF SP:FB  PPU: 0,0 CYC:261
C835  EA	NOP A:FF X:00 Y:00 P:FF SP:FB  PPU: 0,0 CYC:264
C836  A9	LDA A:FF X:00 Y:00 P:FF SP:FB  PPU: 0,0 CYC:266
C838  48	PHA A:04 X:00 Y:00 P:7D SP:FB  PPU: 0,0 CYC:268
C839  28	PLP A:04 X:00 Y:00 P:7D SP:FA  PPU: 0,0 CYC:271
C83A  F0	BEQ A:04 X:00 Y:00 P:04 SP:FB  PPU: 0,0 CYC:275
C83C  30	BMI A:04 X:00 Y:00 P:04 SP:FB  PPU: 0,0 CYC:277
C83E  70	BVS A:04 X:00 Y:00 P:04 SP:FB  PPU: 0,0 CYC:279
C840  B0	BCS A:04 X:00 Y:00 P:04 SP:FB  PPU: 0,0 CYC:281
C842  4C	JMP A:04 X:00 Y:00 P:04 SP:FB  PPU: 0,0 CYC:283
C849  EA	NOP A:04 X:00 Y:00 P:04 SP:FB  PPU: 0,0 CYC:286
C84A  F8	SED A:04 X:00 Y:00 P:04 SP:FB  PPU: 0,0 CYC:288
C84B  A9	LDA A:04 X:00 Y:00 P:0C SP:FB  PPU: 0,0 CYC:290
C84D  85	STA A:FF X:00 Y:00 P:8C SP:FB  PPU: 0,0 CYC:292
C84F  24	BIT A:FF X:00 Y:00 P:8C SP:FB  PPU: 0,0 CYC:295
C851  18	CLC A:FF X:00 Y:00 P:CC SP:FB  PPU: 0,0 CYC:298
C852  A9	LDA A:FF X:00 Y:00 P:CC SP:FB  PPU: 0,0 CYC:300
C854  48	PHA A:00 X:00 Y:00 P:4E SP:FB  PPU: 0,0 CYC:302
C855  A9	LDA A:00 X:00 Y:00 P:4E SP:FA  PPU: 0,0 CYC:305
C857  68	PLA A:FF X:00 Y:00 P:CC SP:FA  PPU: 0,0 CYC:307
C858  D0	BNE A:00 X:00 Y:00 P:4E SP:FB  PPU: 0,0 CYC:311
C85A  30	BMI A:00 X:00 Y:00 P:4E SP:FB  PPU: 0,0 CYC:313
C85C  50	BVC A:00 X:00 Y:00 P:4E SP:FB  PPU: 0,0 CYC:315
C85E  B0	BCS A:00 X:00 Y:00 P:4E SP:FB  PPU: 0,0 CYC:317
C860  4C	JMP A:00 X:00 Y:00 P:4E SP:FB  PPU: 0,0 CYC:319
C867  EA	NOP A:00 X:00 Y:00 P:4E SP:FB  PPU: 0,0 CYC:322
C868  A9	LDA A:00 X:00 Y:00 P:4E SP:FB  PPU: 0,0 CYC:324
C86A  85	STA A:00 X:00 Y:00 P:4E SP:FB  PPU: 0,0 CYC:326
C86C  24	BIT A:00 X:00 Y:00 P:4E SP:FB  PPU: 0,0 CYC:329
C86E  38	SEC A:00 X:00 Y:00 P:0E SP:FB  PPU: 0,0 CYC:332
C86F  A9	LDA A:00 X:00 Y:00 P:0F SP:FB  PPU: 0,0 CYC:334
C871  48	PHA A:FF X:00 Y:00 P:8D SP:FB  PPU: 0,0 CYC:336
C872  A9	LDA A:FF X:00 Y:00 P:8D SP:FA  PPU: 0,0 CYC:339
C874  68	PLA A:00 X:00 Y:00 P:0F SP:FA  PPU: 0,0 CYC:341
C875  F0	BEQ A:FF X:00 Y:00 P:8D SP:FB  PPU: 0,0 CYC:345
C877  10	BPL A:FF X:00 Y:00 P:8D SP:FB  PPU: 0,0 CYC:347
C879  70	BVS A:FF X:00 Y:00 P:8D SP:FB  PPU: 0,0 CYC:349
C87B  90	BCC A:FF X:00 Y:00 P:8D SP:FB  PPU: 0,0 CYC:351
C87D  4C	JMP A:FF X:00 Y:00 P:8D SP:FB  PPU: 0,0 CYC:353
C884  60	RTS A:FF X:00 Y:00 P:8D SP:FB  PPU: 0,0 CYC:356
C603  20	JSR A:FF X:00 Y:00 P:8D SP:FD  PPU: 0,0 CYC:362
C885  EA	NOP A:FF X:00 Y:00 P:8D SP:FB  PPU: 0,0 CYC:368
C886  18	CLC A:FF X:00 Y:00 P:8D SP:FB  PPU: 0,0 CYC:370
C887  A9	LDA A:FF X:00 Y:00 P:8C SP:FB  PPU: 0,0 CYC:372
C889  85	STA A:FF X:00 Y:00 P:8C SP:FB  PPU: 0,0 CYC:374
C88B  24	BIT A:FF X:00 Y:00 P:8C SP:FB  PPU: 0,0 CYC:377
C88D  A9	LDA A:FF X:00 Y:00 P:CC SP:FB  PPU: 0,0 CYC:380
C88F  09	ORA A:55 X:00 Y:00 P:4C SP:FB  PPU: 0,0 CYC:382
C891  B0	BCS A:FF X:00 Y:00 P:CC SP:FB  PPU: 0,0 CYC:384
C893  10	BPL A:FF X:00 Y:00 P:CC SP:FB  PPU: 0,0 CYC:386
C895  C9	CMP A:FF X:00 Y:00 P:CC SP:FB  PPU: 0,0 CYC:388
C897  D0	BNE A:FF X:00 Y:00 P:4E SP:FB  PPU: 0,0 CYC:390
C899  50	BVC A:FF X:00 Y:00 P:4E SP:FB  PPU: 0,0 CYC:392
C89B  4C	JMP A:FF X:00 Y:00 P:4E SP:FB  PPU: 0,0 CYC:394
C8A2  EA	NOP A:FF X:00 Y:00 P:4E SP:FB  PPU: 0,0 CYC:397
C8A3  38	SEC A:FF X:00 Y:00 P:4E SP:FB  PPU: 0,0 CYC:399
C8A4  B8	CLV A:FF X:00 Y:00 P:4F SP:FB  PPU: 0,0 CYC:401
C8A5  A9	LDA A:FF X:00 Y:00 P:0F SP:FB  PPU: 0,0 CYC:403
C8A7  09	ORA A:00 X:00 Y:00 P:0F SP:FB  PPU: 0,0 CYC:405
C8A9  D0	BNE A:00 X:00 Y:00 P:0F SP:FB  PPU: 0,0 CYC:407
C8AB  70	BVS A:00 X:00 Y:00 P:0F SP:FB  PPU: 0,0 CYC:409
C8AD  90	BCC A:00 X:00 Y:00 P:0F SP:FB  PPU: 0,0 CYC:411
C8AF  30	BMI A:00 X:00 Y:00 P:0F SP:FB  PPU: 0,0 CYC:413
C8B1  4C	JMP A:00 X:00 Y:00 P:0F SP:FB  PPU: 0,0 CYC:415
C8B8  EA	NOP A:00 X:00 Y:00 P:0F SP:FB  PPU: 0,0 CYC:418
C8B9  18	CLC A:00 X:00 Y:00 P:0F SP:FB  PPU: 0,0 CYC:420
C8BA  24	BIT A:00 X:00 Y:00 P:0E SP:FB  PPU: 0,0 CYC:422
C8BC  A9	LDA A:00 X:00 Y:00 P:CE SP:FB  PPU: 0,0 CYC:425
C8BE  29	AND A:55 X:00 Y:00 P:4C SP:FB  PPU: 0,0 CYC:427
C8C0  D0	BNE A:00 X:00 Y:00 P:4E SP:FB  PPU: 0,0 CYC:429
C8C2  50	BVC A:00 X:00 Y:00 P:4E SP:FB  PPU: 0,0 CYC:431
C8C4  B0	BCS A:00 X:00 Y:00 P:4E SP:FB  PPU: 0,0 CYC:433
C8C6  30	BMI A:00 X:00 Y:00 P:4E SP:FB  PPU: 0,0 CYC:435
C8C8  4C	JMP A:00 X:00 Y:00 P:4E SP:FB  PPU: 0,0 CYC:437
C8CF  EA	NOP A:00 X:00 Y:00 P:4E SP:FB  PPU: 0,0 CYC:440
C8D0  38	SEC A:00 X:00 Y:00 P:4E SP:FB  PPU: 0,0 CYC:442
C8D1  B8	CLV A:00 X:00 Y:00 P:4F SP:FB  PPU: 0,0 CYC:444
C8D2  A9	LDA A:00 X:00 Y:00 P:0F SP:FB  PPU: 0,0 CYC:446
C8D4  29	AND A:F8 X:00 Y:00 P:8D SP:FB  PPU: 0,0 CYC:448
C8D6  90	BCC A:E8 X:00 Y:00 P:8D SP:FB  PPU: 0,0 CYC:450
C8D8  10	BPL A:E8 X:00 Y:00 P:8D SP:FB  PPU: 0,0 CYC:452
C8DA  C9	CMP A:E8 X:00 Y:00 P:8D SP:FB  PPU: 0,0 CYC:454
C8DC  D0	BNE A:E8 X:00 Y:00 P:0E SP:FB  PPU: 0,0 CYC:456
C8DE  70	BVS A:E8 X:00 Y:00 P:0E SP:FB  PPU: 0,0 CYC:458
C8E0  4C	JMP A:E8 X:00 Y:00 P:0E SP:FB  PPU: 0,0 CYC:460
C8E7  EA	NOP A:E8 X:00 Y:00 P:0E SP:FB  PPU: 0,0 CYC:463
C8E8  18	CLC A:E8 X:00 Y:00 P:0E SP:FB  PPU: 0,0 CYC:465
C8E9  24	BIT A:E8 X:00 Y:00 P:0E SP:FB  PPU: 0,0 CYC:467
C8EB  A9	LDA A:E8 X:00 Y:00 P:CC SP:FB  PPU: 0,0 CYC:470
C8ED  49	EOR A:5F X:00 Y:00 P:4C SP:FB  PPU: 0,0 CYC:472
C8EF  B0	BCS A:F5 X:00 Y:00 P:CC SP:FB  PPU: 0,0 CYC:474
C8F1  10	BPL A:F5 X:00 Y:00 P:CC SP:FB  PPU: 0,0 CYC:476
C8F3  C9	CMP A:F5 X:00 Y:00 P:CC SP:FB  PPU: 0,0 CYC:478
C8F5  D0	BNE A:F5 X:00 Y:00 P:4E SP:FB  PPU: 0,0 CYC:480
C8F7  50	BVC A:F5 X:00 Y:00 P:4E SP:FB  PPU: 0,0 CYC:482
C8F9  4C	JMP A:F5 X:00 Y:00 P:4E SP:FB  PPU: 0,0 CYC:484
C900  EA	NOP A:F5 X:00 Y:00 P:4E SP:FB  PPU: 0,0 CYC:487
C901  38	SEC A:F5 X:00 Y:00 P:4E SP:FB  PPU: 0,0 CYC:489
C902  B8	CLV A:F5 X:00 Y:00 P:4F SP:FB  PPU: 0,0 CYC:491
C903  A9	LDA A:F5 X:00 Y:00 P:0F SP:FB  PPU: 0,0 CYC:493
C905  49	EOR A:70 X:00 Y:00 P:0D SP:FB  PPU: 0,0 CYC:495
C907  D0	BNE A:00 X:00 Y:00 P:0F SP:FB  PPU: 0,0 CYC:497
C909  70	BVS A:00 X:00 Y:00 P:0F SP:FB  PPU: 0,0 CYC:499
C90B  90	BCC A:00 X:00 Y:00 P:0F SP:FB  PPU: 0,0 CYC:501
C90D  30	BMI A:00 X:00 Y:00 P:0F SP:FB  PPU: 0,0 CYC:503
C90F  4C	JMP A:00 X:00 Y:00 P:0F SP:FB  PPU: 0,0 CYC:505
C916  EA	NOP A:00 X:00 Y:00 P:0F SP:FB  PPU: 0,0 CYC:508
C917  18	CLC A:00 X:00 Y:00 P:0F SP:FB  PPU: 0,0 CYC:510
C918  24	BIT A:00 X:00 Y:00 P:0E SP:FB  PPU: 0,0 CYC:512
C91A  A9	LDA A:00 X:00 Y:00 P:CE SP:FB  PPU: 0,0 CYC:515
C91C  69	ADC A:00 X:00 Y:00 P:4E SP:FB  PPU: 0,0 CYC:517
C91E  30	BMI A:69 X:00 Y:00 P:0C SP:FB  PPU: 0,0 CYC:519
C920  B0	BCS A:69 X:00 Y:00 P:0C SP:FB  PPU: 0,0 CYC:521
C922  C9	CMP A:69 X:00 Y:00 P:0C SP:FB  PPU: 0,0 CYC:523
C924  D0	BNE A:69 X:00 Y:00 P:0E SP:FB  PPU: 0,0 CYC:525
C926  70	BVS A:69 X:00 Y:00 P:0E SP:FB  PPU: 0,0 CYC:527
C928  4C	JMP A:69 X:00 Y:00 P:0E SP:FB  PPU: 0,0 CYC:529
C92F  EA	NOP A:69 X:00 Y:00 P:0E SP:FB  PPU: 0,0 CYC:532
C930  38	SEC A:69 X:00 Y:00 P:0E SP:FB  PPU: 0,0 CYC:534
C931  F8	SED A:69 X:00 Y:00 P:0F SP:FB  PPU: 0,0 CYC:536
C932  24	BIT A:69 X:00 Y:00 P:0F SP:FB  PPU: 0,0 CYC:538
C934  A9	LDA A:69 X:00 Y:00 P:CD SP:FB  PPU: 0,0 CYC:541
C936  69	ADC A:01 X:00 Y:00 P:4D SP:FB  PPU: 0,0 CYC:543
C938  30	BMI A:6A X:00 Y:00 P:0C SP:FB  PPU: 0,0 CYC:545
C93A  B0	BCS A:6A X:00 Y:00 P:0C SP:FB  PPU: 0,0 CYC:547
C93C  C9	CMP A:6A X:00 Y:00 P:0C SP:FB  PPU: 0,0 CYC:549
C93E  D0	BNE A:6A X:00 Y:00 P:8C SP:FB  PPU: 0,0 CYC:551
C945  A2	LDX A:6A X:00 Y:00 P:8C SP:FB  PPU: 0,0 CYC:553
C947  86	STX A:6A X:1F Y:00 P:0C SP:FB  PPU: 0,0 CYC:555
C949  EA	NOP A:6A X:1F Y:00 P:0C SP:FB  PPU: 0,0 CYC:558
C94A  D8	CLD A:6A X:1F Y:00 P:0C SP:FB  PPU: 0,0 CYC:560
C94B  38	SEC A:6A X:1F Y:00 P:04 SP:FB  PPU: 0,0 CYC:562
C94C  B8	CLV A:6A X:1F Y:00 P:05 SP:FB  PPU: 0,0 CYC:564
C94D  A9	LDA A:6A X:1F Y:00 P:05 SP:FB  PPU: 0,0 CYC:566
C94F  69	ADC A:7F X:1F Y:00 P:05 SP:FB  PPU: 0,0 CYC:568
C951  10	BPL A:FE X:1F Y:00 P:84 SP:FB  PPU: 0,0 CYC:570
C953  B0	BCS A:FE X:1F Y:00 P:84 SP:FB  PPU: 0,0 CYC:572
C955  C9	CMP A:FE X:1F Y:00 P:84 SP:FB  PPU: 0,0 CYC:574
C957  D0	BNE A:FE X:1F Y:00 P:84 SP:FB  PPU: 0,0 CYC:576
C95E  A2	LDX A:FE X:1F Y:00 P:84 SP:FB  PPU: 0,0 CYC:578
C960  86	STX A:FE X:20 Y:00 P:04 SP:FB  PPU: 0,0 CYC:580
C962  EA	NOP A:FE X:20 Y:00 P:04 SP:FB  PPU: 0,0 CYC:583
C963  18	CLC A:FE X:20 Y:00 P:04 SP:FB  PPU: 0,0 CYC:585
C964  24	BIT A:FE X:20 Y:00 P:04 SP:FB  PPU: 0,0 CYC:587
C966  A9	LDA A:FE X:20 Y:00 P:C4 SP:FB  PPU: 0,0 CYC:590
C968  69	ADC A:7F X:20 Y:00 P:44 SP:FB  PPU: 0,0 CYC:592
C96A  10	BPL A:FF X:20 Y:00 P:84 SP:FB  PPU: 0,0 CYC:594
C96C  B0	BCS A:FF X:20 Y:00 P:84 SP:FB  PPU: 0,0 CYC:596
C96E  C9	CMP A:FF X:20 Y:00 P:84 SP:FB  PPU: 0,0 CYC:598
C970  D0	BNE A:FF X:20 Y:00 P:06 SP:FB  PPU: 0,0 CYC:600
C972  70	BVS A:FF X:20 Y:00 P:06 SP:FB  PPU: 0,0 CYC:602
C974  4C	JMP A:FF X:20 Y:00 P:06 SP:FB  PPU: 0,0 CYC:604
C97B  EA	NOP A:FF X:20 Y:00 P:06 SP:FB  PPU: 0,0 CYC:607
C97C  38	SEC A:FF X:20 Y:00 P:06 SP:FB  PPU: 0,0 CYC:609
C97D  B8	CLV A:FF X:20 Y:00 P:07 SP:FB  PPU: 0,0 CYC:611
C97E  A9	LDA A:FF X:20 Y:00 P:07 SP:FB  PPU: 0,0 CYC:613
C980  69	ADC A:7F X:20 Y:00 P:05 SP:FB  PPU: 0,0 CYC:615
C982  D0	BNE A:FF X:20 Y:00 P:84 SP:FB  PPU: 0,0 CYC:617
C98D  A2	LDX A:FF X:20 Y:00 P:84 SP:FB  PPU: 0,0 CYC:619
C98F  86	STX A:FF X:22 Y:00 P:04 SP:FB  PPU: 0,0 CYC:621
C991  EA	NOP A:FF X:22 Y:00 P:04 SP:FB  PPU: 0,0 CYC:624
C992  38	SEC A:FF X:22 Y:00 P:04 SP:FB  PPU: 0,0 CYC:626
C993  B8	CLV A:FF X:22 Y:00 P:05 SP:FB  PPU: 0,0 CYC:628
C994  A9	LDA A:FF X:22 Y:00 P:05 SP:FB  PPU: 0,0 CYC:630
C996  F0	BEQ A:9F X:22 Y:00 P:85 SP:FB  PPU: 0,0 CYC:632
C998  10	BPL A:9F X:22 Y:00 P:85 SP:FB  PPU: 0,0 CYC:634
C99A  70	BVS A:9F X:22 Y:00 P:85 SP:FB  PPU: 0,0 CYC:636
C99C  90	BCC A:9F X:22 Y:00 P:85 SP:FB  PPU: 0,0 CYC:638
C99E  4C	JMP A:9F X:22 Y:00 P:85 SP:FB  PPU: 0,0 CYC:640
C9A5  EA	NOP A:9F X:22 Y:00 P:85 SP:FB  PPU: 0,0 CYC:643
C9A6  18	CLC A:9F X:22 Y:00 P:85 SP:FB  PPU: 0,0 CYC:645
C9A7  24	BIT A:9F X:22 Y:00 P:84 SP:FB  PPU: 0,0 CYC:647
C9A9  A9	LDA A:9F X:22 Y:00 P:C4 SP:FB  PPU: 0,0 CYC:650
C9AB  D0	BNE A:00 X:22 Y:00 P:46 SP:FB  PPU: 0,0 CYC:652
C9AD  30	BMI A:00 X:22 Y:00 P:46 SP:FB  PPU: 0,0 CYC:654
C9AF  50	BVC A:00 X:22 Y:00 P:46 SP:FB  PPU: 0,0 CYC:656
C9B1  B0	BCS A:00 X:22 Y:00 P:46 SP:FB  PPU: 0,0 CYC:658
C9B3  4C	JMP A:00 X:22 Y:00 P:46 SP:FB  PPU: 0,0 CYC:660
C9BA  EA	NOP A:00 X:22 Y:00 P:46 SP:FB  PPU: 0,0 CYC:663
C9BB  24	BIT A:00 X:22 Y:00 P:46 SP:FB  PPU: 0,0 CYC:665
C9BD  A9	LDA A:00 X:22 Y:00 P:C6 SP:FB  PPU: 0,0 CYC:668
C9BF  C9	CMP A:40 X:22 Y:00 P:44 SP:FB  PPU: 0,0 CYC:670
C9C1  30	BMI A:40 X:22 Y:00 P:46 SP:FB  PPU: 0,0 CYC:672
C9C3  90	BCC A:40 X:22 Y:00 P:46 SP:FB  PPU: 0,0 CYC:674
C9CC  A2	LDX A:40 X:22 Y:00 P:46 SP:FB  PPU: 0,0 CYC:676
C9CE  86	STX A:40 X:24 Y:00 P:44 SP:FB  PPU: 0,0 CYC:678
C9D0  EA	NOP A:40 X:24 Y:00 P:44 SP:FB  PPU: 0,0 CYC:681
C9D1  B8	CLV A:40 X:24 Y:00 P:44 SP:FB  PPU: 0,0 CYC:683
C9D2  C9	CMP A:40 X:24 Y:00 P:04 SP:FB  PPU: 0,0 CYC:685
C9D4  F0	BEQ A:40 X:24 Y:00 P:04 SP:FB  PPU: 0,0 CYC:687
C9D6  30	BMI A:40 X:24 Y:00 P:04 SP:FB  PPU: 0,0 CYC:689
C9D8  90	BCC A:40 X:24 Y:00 P:04 SP:FB  PPU: 0,0 CYC:691
C9DF  A2	LDX A:40 X:24 Y:00 P:04 SP:FB  PPU: 0,0 CYC:693
C9E1  86	STX A:40 X:25 Y:00 P:04 SP:FB  PPU: 0,0 CYC:695
C9E3  EA	NOP A:40 X:25 Y:00 P:04 SP:FB  PPU: 0,0 CYC:698
C9E4  C9	CMP A:40 X:25 Y:00 P:04 SP:FB  PPU: 0,0 CYC:700
C9E6  F0	BEQ A:40 X:25 Y:00 P:84 SP:FB  PPU: 0,0 CYC:702
C9E8  10	BPL A:40 X:25 Y:00 P:84 SP:FB  PPU: 0,0 CYC:704
C9EA  10	BPL A:40 X:25 Y:00 P:84 SP:FB  PPU: 0,0 CYC:706
C9EC  4C	JMP A:40 X:25 Y:00 P:84 SP:FB  PPU: 0,0 CYC:708
C9F3  EA	NOP A:40 X:25 Y:00 P:84 SP:FB  PPU: 0,0 CYC:711
C9F4  A9	LDA A:40 X:25 Y:00 P:84 SP:FB  PPU: 0,0 CYC:713
C9F6  C9	CMP A:80 X:25 Y:00 P:84 SP:FB  PPU: 0,0 CYC:715
C9F8  F0	BEQ A:80 X:25 Y:00 P:84 SP:FB  PPU: 0,0 CYC:717
C9FA  10	BPL A:80 X:25 Y:00 P:84 SP:FB  PPU: 0,0 CYC:719
C9FC  90	BCC A:80 X:25 Y:00 P:84 SP:FB  PPU: 0,0 CYC:721
CA01  A2	LDX A:80 X:25 Y:00 P:84 SP:FB  PPU: 0,0 CYC:723
CA03  86	STX A:80 X:27 Y:00 P:04 SP:FB  PPU: 0,0 CYC:725
CA05  EA	NOP A:80 X:27 Y:00 P:04 SP:FB  PPU: 0,0 CYC:728
CA06  C9	CMP A:80 X:27 Y:00 P:04 SP:FB  PPU: 0,0 CYC:730
CA08  D0	BNE A:80 X:27 Y:00 P:06 SP:FB  PPU: 0,0 CYC:732
CA0A  30	BMI A:80 X:27 Y:00 P:06 SP:FB  PPU: 0,0 CYC:734
CA0C  90	BCC A:80 X:27 Y:00 P:06 SP:FB  PPU: 0,0 CYC:736
CA11  A2	LDX A:80 X:27 Y:00 P:06 SP:FB  PPU: 0,0 CYC:738
CA13  86	STX A:80 X:28 Y:00 P:04 SP:FB  PPU: 0,0 CYC:740
CA15  EA	NOP A:80 X:28 Y:00 P:04 SP:FB  PPU: 0,0 CYC:743
CA16  C9	CMP A:80 X:28 Y:00 P:04 SP:FB  PPU: 0,0 CYC:745
CA18  B0	BCS A:80 X:28 Y:00 P:84 SP:FB  PPU: 0,0 CYC:747
CA1A  F0	BEQ A:80 X:28 Y:00 P:84 SP:FB  PPU: 0,0 CYC:749
CA1C  10	BPL A:80 X:28 Y:00 P:84 SP:FB  PPU: 0,0 CYC:751
CA1E  4C	JMP A:80 X:28 Y:00 P:84 SP:FB  PPU: 0,0 CYC:753
CA25  EA	NOP A:80 X:28 Y:00 P:84 SP:FB  PPU: 0,0 CYC:756
CA26  C9	CMP A:80 X:28 Y:00 P:84 SP:FB  PPU: 0,0 CYC:758
CA28  90	BCC A:80 X:28 Y:00 P:04 SP:FB  PPU: 0,0 CYC:760
CA31  A2	LDX A:80 X:28 Y:00 P:04 SP:FB  PPU: 0,0 CYC:762
CA33  86	STX A:80 X:2A Y:00 P:04 SP:FB  PPU: 0,0 CYC:764
CA35  EA	NOP A:80 X:2A Y:00 P:04 SP:FB  PPU: 0,0 CYC:767
CA36  24	BIT A:80 X:2A Y:00 P:04 SP:FB  PPU: 0,0 CYC:769
CA38  A0	LDY A:80 X:2A Y:00 P:C4 SP:FB  PPU: 0,0 CYC:772
CA3A  C0	CPY A:80 X:2A Y:40 P:44 SP:FB  PPU: 0,0 CYC:774
CA3C  D0	BNE A:80 X:2A Y:40 P:46 SP:FB  PPU: 0,0 CYC:776
CA3E  30	BMI A:80 X:2A Y:40 P:46 SP:FB  PPU: 0,0 CYC:778
CA40  90	BCC A:80 X:2A Y:40 P:46 SP:FB  PPU: 0,0 CYC:780
CA47  A2	LDX A:80 X:2A Y:40 P:46 SP:FB  PPU: 0,0 CYC:782
CA49  86	STX A:80 X:2B Y:40 P:44 SP:FB  PPU: 0,0 CYC:784
CA4B  EA	NOP A:80 X:2B Y:40 P:44 SP:FB  PPU: 0,0 CYC:787
CA4C  B8	CLV A:80 X:2B Y:40 P:44 SP:FB  PPU: 0,0 CYC:789
CA4D  C0	CPY A:80 X:2B Y:40 P:04 SP:FB  PPU: 0,0 CYC:791
CA4F  F0	BEQ A:80 X:2B Y:40 P:04 SP:FB  PPU: 0,0 CYC:793
CA51  30	BMI A:80 X:2B Y:40 P:04 SP:FB  PPU: 0,0 CYC:795
CA53  90	BCC A:80 X:2B Y:40 P:04 SP:FB  PPU: 0,0 CYC:797
CA5A  A2	LDX A:80 X:2B Y:40 P:04 SP:FB  PPU: 0,0 CYC:799
CA5C  86	STX A:80 X:2C Y:40 P:04 SP:FB  PPU: 0,0 CYC:801
CA5E  EA	NOP A:80 X:2C Y:40 P:04 SP:FB  PPU: 0,0 CYC:804
CA5F  C0	CPY A:80 X:2C Y:40 P:04 SP:FB  PPU: 0,0 CYC:806
CA61  F0	BEQ A:80 X:2C Y:40 P:84 SP:FB  PPU: 0,0 CYC:808
CA63  10	BPL A:80 X:2C Y:40 P:84 SP:FB  PPU: 0,0 CYC:810
CA65  10	BPL A:80 X:2C Y:40 P:84 SP:FB  PPU: 0,0 CYC:812
CA67  4C	JMP A:80 X:2C Y:40 P:84 SP:FB  PPU: 0,0 CYC:814
CA6E  EA	NOP A:80 X:2C Y:40 P:84 SP:FB  PPU: 0,0 CYC:817
CA6F  A0	LDY A:80 X:2C Y:40 P:84 SP:FB  PPU: 0,0 CYC:819
CA71  C0	CPY A:80 X:2C Y:80 P:84 SP:FB  PPU: 0,0 CYC:821
CA73  F0	BEQ A:80 X:2C Y:80 P:84 SP:FB  PPU: 0,0 CYC:823
CA75  10	BPL A:80 X:2C Y:80 P:84 SP:FB  PPU: 0,0 CYC:825
CA77  90	BCC A:80 X:2C Y:80 P:84 SP:FB  PPU: 0,0 CYC:827
CA7C  A2	LDX A:80 X:2C Y:80 P:84 SP:FB  PPU: 0,0 CYC:829
CA7E  86	STX A:80 X:2E Y:80 P:04 SP:FB  PPU: 0,0 CYC:831
CA80  EA	NOP A:80 X:2E Y:80 P:04 SP:FB  PPU: 0,0 CYC:834
CA81  C0	CPY A:80 X:2E Y:80 P:04 SP:FB  PPU: 0,0 CYC:836
CA83  D0	BNE A:80 X:2E Y:80 P:06 SP:FB  PPU: 0,0 CYC:838
CA85  30	BMI A:80 X:2E Y:80 P:06 SP:FB  PPU: 0,0 CYC:840
CA87  90	BCC A:80 X:2E Y:80 P:06 SP:FB  PPU: 0,0 CYC:842
CA8C  A2	LDX A:80 X:2E Y:80 P:06 SP:FB  PPU: 0,0 CYC:844
CA8E  86	STX A:80 X:2F Y:80 P:04 SP:FB  PPU: 0,0 CYC:846
CA90  EA	NOP A:80 X:2F Y:80 P:04 SP:FB  PPU: 0,0 CYC:849
CA91  C0	CPY A:80 X:2F Y:80 P:04 SP:FB  PPU: 0,0 CYC:851
CA93  B0	BCS A:80 X:2F Y:80 P:84 SP:FB  PPU: 0,0 CYC:853
CA95  F0	BEQ A:80 X:2F Y:80 P:84 SP:FB  PPU: 0,0 CYC:855
CA97  10	BPL A:80 X:2F Y:80 P:84 SP:FB  PPU: 0,0 CYC:857
CA99  4C	JMP A:80 X:2F Y:80 P:84 SP:FB  PPU: 0,0 CYC:859
CAA0  EA	NOP A:80 X:2F Y:80 P:84 SP:FB  PPU: 0,0 CYC:862
CAA1  C0	CPY A:80 X:2F Y:80 P:84 SP:FB  PPU: 0,0 CYC:864
CAA3  90	BCC A:80 X:2F Y:80 P:04 SP:FB  PPU: 0,0 CYC:866
CAAC  A2	LDX A:80 X:2F Y:80 P:04 SP:FB  PPU: 0,0 CYC:868
CAAE  86	STX A:80 X:31 Y:80 P:04 SP:FB  PPU: 0,0 CYC:870
CAB0  EA	NOP A:80 X:31 Y:80 P:04 SP:FB  PPU: 0,0 CYC:873
CAB1  24	BIT A:80 X:31 Y:80 P:04 SP:FB  PPU: 0,0 CYC:875
CAB3  A2	LDX A:80 X:31 Y:80 P:C4 SP:FB  PPU: 0,0 CYC:878
CAB5  E0	CPX A:80 X:40 Y:80 P:44 SP:FB  PPU: 0,0 CYC:880
CAB7  D0	BNE A:80 X:40 Y:80 P:44 SP:FB  PPU: 0,0 CYC:882
CAC2  A9	LDA A:80 X:40 Y:80 P:44 SP:FB  PPU: 0,0 CYC:884
CAC4  85	STA A:32 X:40 Y:80 P:44 SP:FB  PPU: 0,0 CYC:886
CAC6  EA	NOP A:32 X:40 Y:80 P:44 SP:FB  PPU: 0,0 CYC:889
CAC7  B8	CLV A:32 X:40 Y:80 P:44 SP:FB  PPU: 0,0 CYC:891
CAC8  E0	CPX A:32 X:40 Y:80 P:04 SP:FB  PPU: 0,0 CYC:893
CACA  F0	BEQ A:32 X:40 Y:80 P:84 SP:FB  PPU: 0,0 CYC:895
CACC  30	BMI A:32 X:40 Y:80 P:84 SP:FB  PPU: 0,0 CYC:897
CAD5  A9	LDA A:32 X:40 Y:80 P:84 SP:FB  PPU: 0,0 CYC:899
CAD7  85	STA A:33 X:40 Y:80 P:04 SP:FB  PPU: 0,0 CYC:901
CAD9  EA	NOP A:33 X:40 Y:80 P:04 SP:FB  PPU: 0,0 CYC:904
CADA  E0	CPX A:33 X:40 Y:80 P:04 SP:FB  PPU: 0,0 CYC:906
CADC  F0	BEQ A:33 X:40 Y:80 P:84 SP:FB  PPU: 0,0 CYC:908
CADE  10	BPL A:33 X:40 Y:80 P:84 SP:FB  PPU: 0,0 CYC:910
CAE0  10	BPL A:33 X:40 Y:80 P:84 SP:FB  PPU: 0,0 CYC:912
CAE2  4C	JMP A:33 X:40 Y:80 P:84 SP:FB  PPU: 0,0 CYC:914
CAE9  EA	NOP A:33 X:40 Y:80 P:84 SP:FB  PPU: 0,0 CYC:917
CAEA  A2	LDX A:33 X:40 Y:80 P:84 SP:FB  PPU: 0,0 CYC:919
CAEC  E0	CPX A:33 X:80 Y:80 P:84 SP:FB  PPU: 0,0 CYC:921
CAEE  F0	BEQ A:33 X:80 Y:80 P:04 SP:FB  PPU: 0,0 CYC:923
CAF0  10	BPL A:33 X:80 Y:80 P:04 SP:FB  PPU: 0,0 CYC:925
CAF7  A9	LDA A:33 X:80 Y:80 P:04 SP:FB  PPU: 0,0 CYC:927
CAF9  85	STA A:35 X:80 Y:80 P:04 SP:FB  PPU: 0,0 CYC:929
CAFB  EA	NOP A:35 X:80 Y:80 P:04 SP:FB  PPU: 0,0 CYC:932
CAFC  E0	CPX A:35 X:80 Y:80 P:04 SP:FB  PPU: 0,0 CYC:934
CAFE  D0	BNE A:35 X:80 Y:80 P:84 SP:FB  PPU: 0,0 CYC:936
CB07  A9	LDA A:35 X:80 Y:80 P:84 SP:FB  PPU: 0,0 CYC:938
CB09  85	STA A:36 X:80 Y:80 P:04 SP:FB  PPU: 0,0 CYC:940
CB0B  EA	NOP A:36 X:80 Y:80 P:04 SP:FB  PPU: 0,0 CYC:943
CB0C  E0	CPX A:36 X:80 Y:80 P:04 SP:FB  PPU: 0,0 CYC:945
CB0E  B0	BCS A:36 X:80 Y:80 P:84 SP:FB  PPU: 0,0 CYC:947
CB10  F0	BEQ A:36 X:80 Y:80 P:84 SP:FB  PPU: 0,0 CYC:949
CB12  10	BPL A:36 X:80 Y:80 P:84 SP:FB  PPU: 0,0 CYC:951
CB14  4C	JMP A:36 X:80 Y:80 P:84 SP:FB  PPU: 0,0 CYC:953
CB1B  EA	NOP A:36 X:80 Y:80 P:84 SP:FB  PPU: 0,0 CYC:956
CB1C  E0	CPX A:36 X:80 Y:80 P:84 SP:FB  PPU: 0,0 CYC:958
CB1E  90	BCC A:36 X:80 Y:80 P:84 SP:FB  PPU: 0,0 CYC:960
CB27  A9	LDA A:36 X:80 Y:80 P:84 SP:FB  PPU: 0,0 CYC:962
CB29  85	STA A:38 X:80 Y:80 P:04 SP:FB  PPU: 0,0 CYC:964
CB2B  EA	NOP A:38 X:80 Y:80 P:04 SP:FB  PPU: 0,0 CYC:967
CB2C  38	SEC A:38 X:80 Y:80 P:04 SP:FB  PPU: 0,0 CYC:969
CB2D  B8	CLV A:38 X:80 Y:80 P:05 SP:FB  PPU: 0,0 CYC:971
CB2E  A2	LDX A:38 X:80 Y:80 P:05 SP:FB  PPU: 0,0 CYC:973
CB30  F0	BEQ A:38 X:9F Y:80 P:85 SP:FB  PPU: 0,0 CYC:975
CB32  10	BPL A:38 X:9F Y:80 P:85 SP:FB  PPU: 0,0 CYC:977
CB34  70	BVS A:38 X:9F Y:80 P:85 SP:FB  PPU: 0,0 CYC:979
CB36  90	BCC A:38 X:9F Y:80 P:85 SP:FB  PPU: 0,0 CYC:981
CB38  4C	JMP A:38 X:9F Y:80 P:85 SP:FB  PPU: 0,0 CYC:983
CB3F  EA	NOP A:38 X:9F Y:80 P:85 SP:FB  PPU: 0,0 CYC:986
CB40  18	CLC A:38 X:9F Y:80 P:85 SP:FB  PPU: 0,0 CYC:988
CB41  24	BIT A:38 X:9F Y:80 P:84 SP:FB  PPU: 0,0 CYC:990
CB43  A2	LDX A:38 X:9F Y:80 P:C4 SP:FB  PPU: 0,0 CYC:993
CB45  D0	BNE A:38 X:00 Y:80 P:46 SP:FB  PPU: 0,0 CYC:995
CB47  30	BMI A:38 X:00 Y:80 P:46 SP:FB  PPU: 0,0 CYC:997
CB49  50	BVC A:38 X:00 Y:80 P:46 SP:FB  PPU: 0,0 CYC:999
CB4B  B0	BCS A:38 X:00 Y:80 P:46 SP:FB  PPU: 0,0 CYC:1001
CB4D  4C	JMP A:38 X:00 Y:80 P:46 SP:FB  PPU: 0,0 CYC:1003
CB54  EA	NOP A:38 X:00 Y:80 P:46 SP:FB  PPU: 0,0 CYC:1006
CB55  38	SEC A:38 X:00 Y:80 P:46 SP:FB  PPU: 0,0 CYC:1008
CB56  B8	CLV A:38 X:00 Y:80 P:47 SP:FB  PPU: 0,0 CYC:1010
CB57  A0	LDY A:38 X:00 Y:80 P:07 SP:FB  PPU: 0,0 CYC:1012
CB59  F0	BEQ A:38 X:00 Y:9F P:85 SP:FB  PPU: 0,0 CYC:1014
CB5B  10	BPL A:38 X:00 Y:9F P:85 SP:FB  PPU: 0,0 CYC:1016
CB5D  70	BVS A:38 X:00 Y:9F P:85 SP:FB  PPU: 0,0 CYC:1018
CB5F  90	BCC A:38 X:00 Y:9F P:85 SP:FB  PPU: 0,0 CYC:1020
CB61  4C	JMP A:38 X:00 Y:9F P:85 SP:FB  PPU: 0,0 CYC:1022
CB68  EA	NOP A:38 X:00 Y:9F P:85 SP:FB  PPU: 0,0 CYC:1025
CB69  18	CLC A:38 X:00 Y:9F P:85 SP:FB  PPU: 0,0 CYC:1027
CB6A  24	BIT A:38 X:00 Y:9F P:84 SP:FB  PPU: 0,0 CYC:1029
CB6C  A0	LDY A:38 X:00 Y:9F P:C4 SP:FB  PPU: 0,0 CYC:1032
CB6E  D0	BNE A:38 X:00 Y:00 P:46 SP:FB  PPU: 0,0 CYC:1034
CB70  30	BMI A:38 X:00 Y:00 P:46 SP:FB  PPU: 0,0 CYC:1036
CB72  50	BVC A:38 X:00 Y:00 P:46 SP:FB  PPU: 0,0 CYC:1038
CB74  B0	BCS A:38 X:00 Y:00 P:46 SP:FB  PPU: 0,0 CYC:1040
CB76  4C	JMP A:38 X:00 Y:00 P:46 SP:FB  PPU: 0,0 CYC:1042
CB7D  EA	NOP A:38 X:00 Y:00 P:46 SP:FB  PPU: 0,0 CYC:1045
CB7E  A9	LDA A:38 X:00 Y:00 P:46 SP:FB  PPU: 0,0 CYC:1047
CB80  A2	LDX A:55 X:00 Y:00 P:44 SP:FB  PPU: 0,0 CYC:1049
CB82  A0	LDY A:55 X:AA Y:00 P:C4 SP:FB  PPU: 0,0 CYC:1051
CB84  C9	CMP A:55 X:AA Y:33 P:44 SP:FB  PPU: 0,0 CYC:1053
CB86  D0	BNE A:55 X:AA Y:33 P:46 SP:FB  PPU: 0,0 CYC:1055
CB88  E0	CPX A:55 X:AA Y:33 P:46 SP:FB  PPU: 0,0 CYC:1057
CB8A  D0	BNE A:55 X:AA Y:33 P:C4 SP:FB  PPU: 0,0 CYC:1059
CBAB  A2	LDX A:55 X:AA Y:33 P:C4 SP:FB  PPU: 0,0 CYC:1061
CBAD  86	STX A:55 X:3D Y:33 P:44 SP:FB  PPU: 0,0 CYC:1063
CBAF  A0	LDY A:55 X:3D Y:33 P:44 SP:FB  PPU: 0,0 CYC:1066
CBB1  20	JSR A:55 X:3D Y:71 P:44 SP:FB  PPU: 0,0 CYC:1068
F931  24	BIT A:55 X:3D Y:71 P:44 SP:F9  PPU: 0,0 CYC:1074
F933  A9	LDA A:55 X:3D Y:71 P:C4 SP:F9  PPU: 0,0 CYC:1077
F935  38	SEC A:40 X:3D Y:71 P:44 SP:F9  PPU: 0,0 CYC:1079
F936  60	RTS A:40 X:3D Y:71 P:45 SP:F9  PPU: 0,0 CYC:1081
CBB4  E9	SBC A:40 X:3D Y:71 P:45 SP:FB  PPU: 0,0 CYC:1087
CBB6  20	JSR A:FF X:3D Y:71 P:84 SP:FB  PPU: 0,0 CYC:1089
F937  30	BMI A:FF X:3D Y:71 P:84 SP:F9  PPU: 0,0 CYC:1095
F944  84	STY A:FF X:3D Y:71 P:84 SP:F9  PPU: 0,0 CYC:1097
F946  60	RTS A:FF X:3D Y:71 P:84 SP:F9  PPU: 0,0 CYC:1100
CBB9  C8	INY A:FF X:3D Y:71 P:84 SP:FB  PPU: 0,0 CYC:1106
CBBA  20	JSR A:FF X:3D Y:72 P:04 SP:FB  PPU: 0,0 CYC:1108
F947  B8	CLV A:FF X:3D Y:72 P:04 SP:F9  PPU: 0,0 CYC:1114
F948  38	SEC A:FF X:3D Y:72 P:04 SP:F9  PPU: 0,0 CYC:1116
F949  A9	LDA A:FF X:3D Y:72 P:05 SP:F9  PPU: 0,0 CYC:1118
F94B  60	RTS A:40 X:3D Y:72 P:05 SP:F9  PPU: 0,0 CYC:1120
CBBD  E9	SBC A:40 X:3D Y:72 P:05 SP:FB  PPU: 0,0 CYC:1126
CBBF  20	JSR A:00 X:3D Y:72 P:06 SP:FB  PPU: 0,0 CYC:1128
F94C  F0	BEQ A:00 X:3D Y:72 P:06 SP:F9  PPU: 0,0 CYC:1134
F959  84	STY A:00 X:3D Y:72 P:06 SP:F9  PPU: 0,0 CYC:1136
F95B  60	RTS A:00 X:3D Y:72 P:06 SP:F9  PPU: 0,0 CYC:1139
CBC2  C8	INY A:00 X:3D Y:72 P:06 SP:FB  PPU: 0,0 CYC:1145
CBC3  20	JSR A:00 X:3D Y:73 P:04 SP:FB  PPU: 0,0 CYC:1147
F95C  A9	LDA A:00 X:3D Y:73 P:04 SP:F9  PPU: 0,0 CYC:1153
F95E  38	SEC A:40 X:3D Y:73 P:04 SP:F9  PPU: 0,0 CYC:1155
F95F  24	BIT A:40 X:3D Y:73 P:05 SP:F9  PPU: 0,0 CYC:1157
F961  60	RTS A:40 X:3D Y:73 P:C5 SP:F9  PPU: 0,0 CYC:1160
CBC6  E9	SBC A:40 X:3D Y:73 P:C5 SP:FB  PPU: 0,0 CYC:1166
CBC8  20	JSR A:FE X:3D Y:73 P:84 SP:FB  PPU: 0,0 CYC:1168
F962  B0	BCS A:FE X:3D Y:73 P:84 SP:F9  PPU: 0,0 CYC:1174
F964  F0	BEQ A:FE X:3D Y:73 P:84 SP:F9  PPU: 0,0 CYC:1176
F966  10	BPL A:FE X:3D Y:73 P:84 SP:F9  PPU: 0,0 CYC:1178
F968  70	BVS A:FE X:3D Y:73 P:84 SP:F9  PPU: 0,0 CYC:1180
F96A  C9	CMP A:FE X:3D Y:73 P:84 SP:F9  PPU: 0,0 CYC:1182
F96C  D0	BNE A:FE X:3D Y:73 P:84 SP:F9  PPU: 0,0 CYC:1184
F96F  84	STY A:FE X:3D Y:73 P:84 SP:F9  PPU: 0,0 CYC:1186
F971  60	RTS A:FE X:3D Y:73 P:84 SP:F9  PPU: 0,0 CYC:1189
CBCB  C8	INY A:FE X:3D Y:73 P:84 SP:FB  PPU: 0,0 CYC:1195
CBCC  20	JSR A:FE X:3D Y:74 P:04 SP:FB  PPU: 0,0 CYC:1197
F972  18	CLC A:FE X:3D Y:74 P:04 SP:F9  PPU: 0,0 CYC:1203
F973  A9	LDA A:FE X:3D Y:74 P:04 SP:F9  PPU: 0,0 CYC:1205
F975  60	RTS A:80 X:3D Y:74 P:84 SP:F9  PPU: 0,0 CYC:1207
CBCF  E9	SBC A:80 X:3D Y:74 P:84 SP:FB  PPU: 0,0 CYC:1213
CBD1  20	JSR A:7F X:3D Y:74 P:04 SP:FB  PPU: 0,0 CYC:1215
F976  90	BCC A:7F X:3D Y:74 P:04 SP:F9  PPU: 0,0 CYC:1221
F97D  84	STY A:7F X:3D Y:74 P:04 SP:F9  PPU: 0,0 CYC:1223
F97F  60	RTS A:7F X:3D Y:74 P:04 SP:F9  PPU: 0,0 CYC:1226
CBD4  C8	INY A:7F X:3D Y:74 P:04 SP:FB  PPU: 0,0 CYC:1232
CBD5  20	JSR A:7F X:3D Y:75 P:04 SP:FB  PPU: 0,0 CYC:1234
F980  38	SEC A:7F X:3D Y:75 P:04 SP:F9  PPU: 0,0 CYC:1240
F981  A9	LDA A:7F X:3D Y:75 P:05 SP:F9  PPU: 0,0 CYC:1242
F983  60	RTS A:81 X:3D Y:75 P:85 SP:F9  PPU: 0,0 CYC:1244
CBD8  E9	SBC A:81 X:3D Y:75 P:85 SP:FB  PPU: 0,0 CYC:1250
CBDA  20	JSR A:01 X:3D Y:75 P:04 SP:FB  PPU: 0,0 CYC:1252
F984  50	BVC A:01 X:3D Y:75 P:04 SP:F9  PPU: 0,0 CYC:1258
F98D  84	STY A:01 X:3D Y:75 P:04 SP:F9  PPU: 0,0 CYC:1260
F98F  60	RTS A:01 X:3D Y:75 P:04 SP:F9  PPU: 0,0 CYC:1263
CBDD  60	RTS A:01 X:3D Y:75 P:04 SP:FB  PPU: 0,0 CYC:1269
C606  20	JSR A:01 X:3D Y:75 P:04 SP:FD  PPU: 0,0 CYC:1275
CBDE  EA	NOP A:01 X:3D Y:75 P:04 SP:FB  PPU: 0,0 CYC:1281
CBDF  A9	LDA A:01 X:3D Y:75 P:04 SP:FB  PPU: 0,0 CYC:1283
CBE1  85	STA A:FF X:3D Y:75 P:84 SP:FB  PPU: 0,0 CYC:1285
CBE3  A9	LDA A:FF X:3D Y:75 P:84 SP:FB  PPU: 0,0 CYC:1288
CBE5  A2	LDX A:44 X:3D Y:75 P:04 SP:FB  PPU: 0,0 CYC:1290
CBE7  A0	LDY A:44 X:55 Y:75 P:04 SP:FB  PPU: 0,0 CYC:1292
CBE9  E8	INX A:44 X:55 Y:66 P:04 SP:FB  PPU: 0,0 CYC:1294
CBEA  88	DEY A:44 X:56 Y:66 P:04 SP:FB  PPU: 0,0 CYC:1296
CBEB  E0	CPX A:44 X:56 Y:65 P:04 SP:FB  PPU: 0,0 CYC:1298
CBED  D0	BNE A:44 X:56 Y:65 P:84 SP:FB  PPU: 0,0 CYC:1300
CC10  A2	LDX A:44 X:56 Y:65 P:84 SP:FB  PPU: 0,0 CYC:1302
CC12  86	STX A:44 X:3E Y:65 P:04 SP:FB  PPU: 0,0 CYC:1304
CC14  EA	NOP A:44 X:3E Y:65 P:04 SP:FB  PPU: 0,0 CYC:1307
CC15  38	SEC A:44 X:3E Y:65 P:04 SP:FB  PPU: 0,0 CYC:1309
CC16  A2	LDX A:44 X:3E Y:65 P:05 SP:FB  PPU: 0,0 CYC:1311
CC18  A9	LDA A:44 X:69 Y:65 P:05 SP:FB  PPU: 0,0 CYC:1313
CC1A  24	BIT A:96 X:69 Y:65 P:85 SP:FB  PPU: 0,0 CYC:1315
CC1C  A0	LDY A:96 X:69 Y:65 P:C5 SP:FB  PPU: 0,0 CYC:1318
CC1E  C8	INY A:96 X:69 Y:FF P:C5 SP:FB  PPU: 0,0 CYC:1320
CC1F  D0	BNE A:96 X:69 Y:00 P:47 SP:FB  PPU: 0,0 CYC:1322
CC21  30	BMI A:96 X:69 Y:00 P:47 SP:FB  PPU: 0,0 CYC:1324
CC23  90	BCC A:96 X:69 Y:00 P:47 SP:FB  PPU: 0,0 CYC:1326
CC25  50	BVC A:96 X:69 Y:00 P:47 SP:FB  PPU: 0,0 CYC:1328
CC27  C0	CPY A:96 X:69 Y:00 P:47 SP:FB  PPU: 0,0 CYC:1330
CC29  D0	BNE A:96 X:69 Y:00 P:46 SP:FB  PPU: 0,0 CYC:1332
CC2B  C8	INY A:96 X:69 Y:00 P:46 SP:FB  PPU: 0,0 CYC:1334
CC2C  F0	BEQ A:96 X:69 Y:01 P:44 SP:FB  PPU: 0,0 CYC:1336
CC2E  30	BMI A:96 X:69 Y:01 P:44 SP:FB  PPU: 0,0 CYC:1338
CC30  90	BCC A:96 X:69 Y:01 P:44 SP:FB  PPU: 0,0 CYC:1340
CC5E  A2	LDX A:96 X:69 Y:01 P:44 SP:FB  PPU: 0,0 CYC:1342
CC60  86	STX A:96 X:3F Y:01 P:44 SP:FB  PPU: 0,0 CYC:1344
CC62  EA	NOP A:96 X:3F Y:01 P:44 SP:FB  PPU: 0,0 CYC:1347
CC63  38	SEC A:96 X:3F Y:01 P:44 SP:FB  PPU: 0,0 CYC:1349
CC64  A0	LDY A:96 X:3F Y:01 P:45 SP:FB  PPU: 0,0 CYC:1351
CC66  A9	LDA A:96 X:3F Y:69 P:45 SP:FB  PPU: 0,0 CYC:1353
CC68  24	BIT A:96 X:3F Y:69 P:C5 SP:FB  PPU: 0,0 CYC:1355
CC6A  A2	LDX A:96 X:3F Y:69 P:C5 SP:FB  PPU: 0,0 CYC:1358
CC6C  E8	INX A:96 X:FF Y:69 P:C5 SP:FB  PPU: 0,0 CYC:1360
CC6D  D0	BNE A:96 X:00 Y:69 P:47 SP:FB  PPU: 0,0 CYC:1362
CC6F  30	BMI A:96 X:00 Y:69 P:47 SP:FB  PPU: 0,0 CYC:1364
CC71  90	BCC A:96 X:00 Y:69 P:47 SP:FB  PPU: 0,0 CYC:1366
CC73  50	BVC A:96 X:00 Y:69 P:47 SP:FB  PPU: 0,0 CYC:1368
CC75  E0	CPX A:96 X:00 Y:69 P:47 SP:FB  PPU: 0,0 CYC:1370
CC77  D0	BNE A:96 X:00 Y:69 P:C4 SP:FB  PPU: 0,0 CYC:1372
CCAC  A2	LDX A:96 X:00 Y:69 P:C4 SP:FB  PPU: 0,0 CYC:1374
CCAE  86	STX A:96 X:40 Y:69 P:44 SP:FB  PPU: 0,0 CYC:1376
CCB0  EA	NOP A:96 X:40 Y:69 P:44 SP:FB  PPU: 0,0 CYC:1379
CCB1  A9	LDA A:96 X:40 Y:69 P:44 SP:FB  PPU: 0,0 CYC:1381
CCB3  A2	LDX A:85 X:40 Y:69 P:C4 SP:FB  PPU: 0,0 CYC:1383
CCB5  A0	LDY A:85 X:34 Y:69 P:44 SP:FB  PPU: 0,0 CYC:1385
CCB7  18	CLC A:85 X:34 Y:99 P:C4 SP:FB  PPU: 0,0 CYC:1387
CCB8  24	BIT A:85 X:34 Y:99 P:C4 SP:FB  PPU: 0,0 CYC:1389
CCBA  A8	TAY A:85 X:34 Y:99 P:C4 SP:FB  PPU: 0,0 CYC:1392
CCBB  F0	BEQ A:85 X:34 Y:85 P:C4 SP:FB  PPU: 0,0 CYC:1394
CCBD  B0	BCS A:85 X:34 Y:85 P:C4 SP:FB  PPU: 0,0 CYC:1396
CCBF  50	BVC A:85 X:34 Y:85 P:C4 SP:FB  PPU: 0,0 CYC:1398
CCC1  10	BPL A:85 X:34 Y:85 P:C4 SP:FB  PPU: 0,0 CYC:1400
CCC3  C9	CMP A:85 X:34 Y:85 P:C4 SP:FB  PPU: 0,0 CYC:1402
CCC5  D0	BNE A:85 X:34 Y:85 P:46 SP:FB  PPU: 0,0 CYC:1404
CCC7  E0	CPX A:85 X:34 Y:85 P:46 SP:FB  PPU: 0,0 CYC:1406
CCC9  D0	BNE A:85 X:34 Y:85 P:44 SP:FB  PPU: 0,0 CYC:1408
CCEB  A2	LDX A:85 X:34 Y:85 P:44 SP:FB  PPU: 0,0 CYC:1410
CCED  86	STX A:85 X:41 Y:85 P:44 SP:FB  PPU: 0,0 CYC:1412
CCEF  EA	NOP A:85 X:41 Y:85 P:44 SP:FB  PPU: 0,0 CYC:1415
CCF0  A9	LDA A:85 X:41 Y:85 P:44 SP:FB  PPU: 0,0 CYC:1417
CCF2  A2	LDX A:85 X:41 Y:85 P:C4 SP:FB  PPU: 0,0 CYC:1419
CCF4  A0	LDY A:85 X:34 Y:85 P:44 SP:FB  PPU: 0,0 CYC:1421
CCF6  18	CLC A:85 X:34 Y:99 P:C4 SP:FB  PPU: 0,0 CYC:1423
CCF7  24	BIT A:85 X:34 Y:99 P:C4 SP:FB  PPU: 0,0 CYC:1425
CCF9  AA	TAX A:85 X:34 Y:99 P:C4 SP:FB  PPU: 0,0 CYC:1428
CCFA  F0	BEQ A:85 X:85 Y:99 P:C4 SP:FB  PPU: 0,0 CYC:1430
CCFC  B0	BCS A:85 X:85 Y:99 P:C4 SP:FB  PPU: 0,0 CYC:1432
CCFE  50	BVC A:85 X:85 Y:99 P:C4 SP:FB  PPU: 0,0 CYC:1434
CD00  10	BPL A:85 X:85 Y:99 P:C4 SP:FB  PPU: 0,0 CYC:1436
CD02  C9	CMP A:85 X:85 Y:99 P:C4 SP:FB  PPU: 0,0 CYC:1438
CD04  D0	BNE A:85 X:85 Y:99 P:46 SP:FB  PPU: 0,0 CYC:1440
CD06  E0	CPX A:85 X:85 Y:99 P:46 SP:FB  PPU: 0,0 CYC:1442
CD08  D0	BNE A:85 X:85 Y:99 P:46 SP:FB  PPU: 0,0 CYC:1444
CD0A  C0	CPY A:85 X:85 Y:99 P:46 SP:FB  PPU: 0,0 CYC:1446
CD0C  D0	BNE A:85 X:85 Y:99 P:46 SP:FB  PPU: 0,0 CYC:1448
CD0E  A9	LDA A:85 X:85 Y:99 P:46 SP:FB  PPU: 0,0 CYC:1450
CD10  38	SEC A:00 X:85 Y:99 P:46 SP:FB  PPU: 0,0 CYC:1452
CD11  B8	CLV A:00 X:85 Y:99 P:47 SP:FB  PPU: 0,0 CYC:1454
CD12  AA	TAX A:00 X:85 Y:99 P:07 SP:FB  PPU: 0,0 CYC:1456
CD13  D0	BNE A:00 X:00 Y:99 P:07 SP:FB  PPU: 0,0 CYC:1458
CD15  90	BCC A:00 X:00 Y:99 P:07 SP:FB  PPU: 0,0 CYC:1460
CD17  70	BVS A:00 X:00 Y:99 P:07 SP:FB  PPU: 0,0 CYC:1462
CD19  30	BMI A:00 X:00 Y:99 P:07 SP:FB  PPU: 0,0 CYC:1464
CD1B  C9	CMP A:00 X:00 Y:99 P:07 SP:FB  PPU: 0,0 CYC:1466
CD1D  D0	BNE A:00 X:00 Y:99 P:06 SP:FB  PPU: 0,0 CYC:1468
CD1F  E0	CPX A:00 X:00 Y:99 P:06 SP:FB  PPU: 0,0 CYC:1470
CD21  D0	BNE A:00 X:00 Y:99 P:06 SP:FB  PPU: 0,0 CYC:1472
CD23  C0	CPY A:00 X:00 Y:99 P:06 SP:FB  PPU: 0,0 CYC:1474
CD25  D0	BNE A:00 X:00 Y:99 P:06 SP:FB  PPU: 0,0 CYC:1476
CD27  4C	JMP A:00 X:00 Y:99 P:06 SP:FB  PPU: 0,0 CYC:1478
CD2E  EA	NOP A:00 X:00 Y:99 P:06 SP:FB  PPU: 0,0 CYC:1481
CD2F  A9	LDA A:00 X:00 Y:99 P:06 SP:FB  PPU: 0,0 CYC:1483
CD31  A2	LDX A:85 X:00 Y:99 P:84 SP:FB  PPU: 0,0 CYC:1485
CD33  A0	LDY A:85 X:34 Y:99 P:04 SP:FB  PPU: 0,0 CYC:1487
CD35  18	CLC A:85 X:34 Y:99 P:84 SP:FB  PPU: 0,0 CYC:1489
CD36  24	BIT A:85 X:34 Y:99 P:84 SP:FB  PPU: 0,0 CYC:1491
CD38  98	TYA A:85 X:34 Y:99 P:C4 SP:FB  PPU: 0,0 CYC:1494
CD39  F0	BEQ A:85 X:34 Y:85 P:C4 SP:FB  PPU: 0,0 CYC:1496
CD3B  B0	BCS A:85 X:34 Y:85 P:C4 SP:FB  PPU: 0,0 CYC:1498
CD3D  50	BVC A:85 X:34 Y:85 P:C4 SP:FB  PPU: 0,0 CYC:1500
CD3F  10	BPL A:85 X:34 Y:85 P:C4 SP:FB  PPU: 0,0 CYC:1502
CD41  C9	CMP A:85 X:34 Y:85 P:C4 SP:FB  PPU: 0,0 CYC:1504
CD43  D0	BNE A:85 X:34 Y:85 P:C4 SP:FB  PPU: 0,0 CYC:1506
CD69  A2	LDX A:85 X:34 Y:85 P:C4 SP:FB  PPU: 0,0 CYC:1508
CD6B  86	STX A:85 X:43 Y:85 P:44 SP:FB  PPU: 0,0 CYC:1510
CD6D  EA	NOP A:85 X:43 Y:85 P:44 SP:FB  PPU: 0,0 CYC:1513
CD6E  A9	LDA A:85 X:43 Y:85 P:44 SP:FB  PPU: 0,0 CYC:1515
CD70  A2	LDX A:85 X:43 Y:85 P:C4 SP:FB  PPU: 0,0 CYC:1517
CD72  A0	LDY A:85 X:34 Y:85 P:44 SP:FB  PPU: 0,0 CYC:1519
CD74  18	CLC A:85 X:34 Y:99 P:C4 SP:FB  PPU: 0,0 CYC:1521
CD75  24	BIT A:85 X:34 Y:99 P:C4 SP:FB  PPU: 0,0 CYC:1523
CD77  8A	TXA A:85 X:34 Y:99 P:C4 SP:FB  PPU: 0,0 CYC:1526
CD78  F0	BEQ A:34 X:34 Y:99 P:44 SP:FB  PPU: 0,0 CYC:1528
CD7A  B0	BCS A:34 X:34 Y:99 P:44 SP:FB  PPU: 0,0 CYC:1530
CD7C  50	BVC A:34 X:34 Y:99 P:44 SP:FB  PPU: 0,0 CYC:1532
CD7E  30	BMI A:34 X:34 Y:99 P:44 SP:FB  PPU: 0,0 CYC:1534
CD80  C9	CMP A:34 X:34 Y:99 P:44 SP:FB  PPU: 0,0 CYC:1536
CD82  D0	BNE A:34 X:34 Y:99 P:46 SP:FB  PPU: 0,0 CYC:1538
CD84  E0	CPX A:34 X:34 Y:99 P:46 SP:FB  PPU: 0,0 CYC:1540
CD86  D0	BNE A:34 X:34 Y:99 P:46 SP:FB  PPU: 0,0 CYC:1542
CD88  C0	CPY A:34 X:34 Y:99 P:46 SP:FB  PPU: 0,0 CYC:1544
CD8A  D0	BNE A:34 X:34 Y:99 P:46 SP:FB  PPU: 0,0 CYC:1546
CD8C  A2	LDX A:34 X:34 Y:99 P:46 SP:FB  PPU: 0,0 CYC:1548
CD8E  38	SEC A:34 X:00 Y:99 P:46 SP:FB  PPU: 0,0 CYC:1550
CD8F  B8	CLV A:34 X:00 Y:99 P:47 SP:FB  PPU: 0,0 CYC:1552
CD90  8A	TXA A:34 X:00 Y:99 P:07 SP:FB  PPU: 0,0 CYC:1554
CD91  D0	BNE A:00 X:00 Y:99 P:07 SP:FB  PPU: 0,0 CYC:1556
CD93  90	BCC A:00 X:00 Y:99 P:07 SP:FB  PPU: 0,0 CYC:1558
CD95  70	BVS A:00 X:00 Y:99 P:07 SP:FB  PPU: 0,0 CYC:1560
CD97  30	BMI A:00 X:00 Y:99 P:07 SP:FB  PPU: 0,0 CYC:1562
CD99  C9	CMP A:00 X:00 Y:99 P:07 SP:FB  PPU: 0,0 CYC:1564
CD9B  D0	BNE A:00 X:00 Y:99 P:06 SP:FB  PPU: 0,0 CYC:1566
CD9D  E0	CPX A:00 X:00 Y:99 P:06 SP:FB  PPU: 0,0 CYC:1568
CD9F  D0	BNE A:00 X:00 Y:99 P:06 SP:FB  PPU: 0,0 CYC:1570
CDA1  C0	CPY A:00 X:00 Y:99 P:06 SP:FB  PPU: 0,0 CYC:1572
CDA3  D0	BNE A:00 X:00 Y:99 P:06 SP:FB  PPU: 0,0 CYC:1574
CDA5  4C	JMP A:00 X:00 Y:99 P:06 SP:FB  PPU: 0,0 CYC:1576
CDAC  EA	NOP A:00 X:00 Y:99 P:06 SP:FB  PPU: 0,0 CYC:1579
CDAD  BA	TSX A:00 X:00 Y:99 P:06 SP:FB  PPU: 0,0 CYC:1581
CDAE  8E	STX A:00 X:FB Y:99 P:84 SP:FB  PPU: 0,0 CYC:1583
CDB1  A0	LDY A:00 X:FB Y:99 P:84 SP:FB  PPU: 0,0 CYC:1587
CDB3  A2	LDX A:00 X:FB Y:33 P:04 SP:FB  PPU: 0,0 CYC:1589
CDB5  A9	LDA A:00 X:69 Y:33 P:04 SP:FB  PPU: 0,0 CYC:1591
CDB7  18	CLC A:84 X:69 Y:33 P:84 SP:FB  PPU: 0,0 CYC:1593
CDB8  24	BIT A:84 X:69 Y:33 P:84 SP:FB  PPU: 0,0 CYC:1595
CDBA  9A	TXS A:84 X:69 Y:33 P:C4 SP:FB  PPU: 0,0 CYC:1598
CDBB  F0	BEQ A:84 X:69 Y:33 P:C4 SP:69  PPU: 0,0 CYC:1600
CDBD  10	BPL A:84 X:69 Y:33 P:C4 SP:69  PPU: 0,0 CYC:1602
CDBF  B0	BCS A:84 X:69 Y:33 P:C4 SP:69  PPU: 0,0 CYC:1604
CDC1  50	BVC A:84 X:69 Y:33 P:C4 SP:69  PPU: 0,0 CYC:1606
CDC3  C9	CMP A:84 X:69 Y:33 P:C4 SP:69  PPU: 0,0 CYC:1608
CDC5  D0	BNE A:84 X:69 Y:33 P:46 SP:69  PPU: 0,0 CYC:1610
CDC7  E0	CPX A:84 X:69 Y:33 P:46 SP:69  PPU: 0,0 CYC:1612
CDC9  D0	BNE A:84 X:69 Y:33 P:44 SP:69  PPU: 0,0 CYC:1614
CDEF  A2	LDX A:84 X:69 Y:33 P:44 SP:69  PPU: 0,0 CYC:1616
CDF1  86	STX A:84 X:45 Y:33 P:44 SP:69  PPU: 0,0 CYC:1618
CDF3  AE	LDX A:84 X:45 Y:33 P:44 SP:69  PPU: 0,0 CYC:1621
CDF6  9A	TXS A:84 X:FB Y:33 P:C4 SP:69  PPU: 0,0 CYC:1625
CDF7  60	RTS A:84 X:FB Y:33 P:C4 SP:FB  PPU: 0,0 CYC:1627
C609  20	JSR A:84 X:FB Y:33 P:C4 SP:FD  PPU: 0,0 CYC:1633
CDF8  A9	LDA A:84 X:FB Y:33 P:C4 SP:FB  PPU: 0,0 CYC:1639
CDFA  85	STA A:FF X:FB Y:33 P:C4 SP:FB  PPU: 0,0 CYC:1641
CDFC  BA	TSX A:FF X:FB Y:33 P:C4 SP:FB  PPU: 0,0 CYC:1644
CDFD  8E	STX A:FF X:FB Y:33 P:C4 SP:FB  PPU: 0,0 CYC:1646
CE00  EA	NOP A:FF X:FB Y:33 P:C4 SP:FB  PPU: 0,0 CYC:1650
CE01  A2	LDX A:FF X:FB Y:33 P:C4 SP:FB  PPU: 0,0 CYC:1652
CE03  9A	TXS A:FF X:80 Y:33 P:C4 SP:FB  PPU: 0,0 CYC:1654
CE04  A9	LDA A:FF X:80 Y:33 P:C4 SP:80  PPU: 0,0 CYC:1656
CE06  48	PHA A:33 X:80 Y:33 P:44 SP:80  PPU: 0,0 CYC:1658
CE07  A9	LDA A:33 X:80 Y:33 P:44 SP:7F  PPU: 0,0 CYC:1661
CE09  48	PHA A:69 X:80 Y:33 P:44 SP:7F  PPU: 0,0 CYC:1663
CE0A  BA	TSX A:69 X:80 Y:33 P:44 SP:7E  PPU: 0,0 CYC:1666
CE0B  E0	CPX A:69 X:7E Y:33 P:44 SP:7E  PPU: 0,0 CYC:1668
CE0D  D0	BNE A:69 X:7E Y:33 P:C4 SP:7E  PPU: 0,0 CYC:1670
CE2F  A2	LDX A:69 X:7E Y:33 P:C4 SP:7E  PPU: 0,0 CYC:1672
CE31  86	STX A:69 X:46 Y:33 P:44 SP:7E  PPU: 0,0 CYC:1674
CE33  EA	NOP A:69 X:46 Y:33 P:44 SP:7E  PPU: 0,0 CYC:1677
CE34  A2	LDX A:69 X:46 Y:33 P:44 SP:7E  PPU: 0,0 CYC:1679
CE36  9A	TXS A:69 X:80 Y:33 P:C4 SP:7E  PPU: 0,0 CYC:1681
CE37  20	JSR A:69 X:80 Y:33 P:C4 SP:80  PPU: 0,0 CYC:1683
CE3D  BA	TSX A:69 X:80 Y:33 P:C4 SP:7E  PPU: 0,0 CYC:1689
CE3E  E0	CPX A:69 X:7E Y:33 P:44 SP:7E  PPU: 0,0 CYC:1691
CE40  D0	BNE A:69 X:7E Y:33 P:C4 SP:7E  PPU: 0,0 CYC:1693
CE5B  A2	LDX A:69 X:7E Y:33 P:C4 SP:7E  PPU: 0,0 CYC:1695
CE5D  86	STX A:69 X:47 Y:33 P:44 SP:7E  PPU: 0,0 CYC:1697
CE5F  EA	NOP A:69 X:47 Y:33 P:44 SP:7E  PPU: 0,0 CYC:1700
CE60  A9	LDA A:69 X:47 Y:33 P:44 SP:7E  PPU: 0,0 CYC:1702
CE62  48	PHA A:CE X:47 Y:33 P:C4 SP:7E  PPU: 0,0 CYC:1704
CE63  A9	LDA A:CE X:47 Y:33 P:C4 SP:7D  PPU: 0,0 CYC:1707
CE65  48	PHA A:66 X:47 Y:33 P:44 SP:7D  PPU: 0,0 CYC:1709
CE66  60	RTS A:66 X:47 Y:33 P:44 SP:7C  PPU: 0,0 CYC:1712
CE66  60	RTS A:66 X:47 Y:33 P:44 SP:7E  PPU: 0,0 CYC:1718
CE3A  4C	JMP A:66 X:47 Y:33 P:44 SP:80  PPU: 0,0 CYC:1724
CE5B  A2	LDX A:66 X:47 Y:33 P:44 SP:80  PPU: 0,0 CYC:1727
CE5D  86	STX A:66 X:47 Y:33 P:44 SP:80  PPU: 0,0 CYC:1729
CE5F  EA	NOP A:66 X:47 Y:33 P:44 SP:80  PPU: 0,0 CYC:1732
CE60  A9	LDA A:66 X:47 Y:33 P:44 SP:80  PPU: 0,0 CYC:1734
CE62  48	PHA A:CE X:47 Y:33 P:C4 SP:80  PPU: 0,0 CYC:1736
CE63  A9	LDA A:CE X:47 Y:33 P:C4 SP:7F  PPU: 0,0 CYC:1739
CE65  48	PHA A:66 X:47 Y:33 P:44 SP:7F  PPU: 0,0 CYC:1741
CE66  60	RTS A:66 X:47 Y:33 P:44 SP:7E  PPU: 0,0 CYC:1744
CE66  60	RTS A:66 X:47 Y:33 P:44 SP:80  PPU: 0,0 CYC:1750
0000  47	Unimp A:66 X:47 Y:33 P:44 SP:82  PPU: 0,0 CYC:1756
Invalid opcode (0x47)
